This is pdfTeX, Version 3.14159265-2.6-1.40.21 (MiKTeX 2.9.7300 64-bit) (preloaded format=pdflatex 2020.2.23)  28 MAY 2020 22:29
entering extended mode
**./sprotdr.tex
(sprotdr.tex
LaTeX2e <2020-02-02> patch level 3
L3 programming layer <2020-02-21>
("C:\Program Files\MiKTeX 2.9\tex/latex/base\article.cls"
Document Class: article 2019/12/20 v1.4l Standard LaTeX document class
("C:\Program Files\MiKTeX 2.9\tex/latex/base\size10.clo"
File: size10.clo 2019/12/20 v1.4l Standard LaTeX file (size option)
)
\c@part=\count167
\c@section=\count168
\c@subsection=\count169
\c@subsubsection=\count170
\c@paragraph=\count171
\c@subparagraph=\count172
\c@figure=\count173
\c@table=\count174
\abovecaptionskip=\skip47
\belowcaptionskip=\skip48
\bibindent=\dimen134
)
("C:\Program Files\MiKTeX 2.9\tex/latex/graphics\graphicx.sty"
Package: graphicx 2019/11/30 v1.2a Enhanced LaTeX Graphics (DPC,SPQR)

("C:\Program Files\MiKTeX 2.9\tex/latex/graphics\keyval.sty"
Package: keyval 2014/10/28 v1.15 key=value parser (DPC)
\KV@toks@=\toks14
)
("C:\Program Files\MiKTeX 2.9\tex/latex/graphics\graphics.sty"
Package: graphics 2019/11/30 v1.4a Standard LaTeX Graphics (DPC,SPQR)

("C:\Program Files\MiKTeX 2.9\tex/latex/graphics\trig.sty"
Package: trig 2016/01/03 v1.10 sin cos tan (DPC)
)
("C:\Program Files\MiKTeX 2.9\tex/latex/graphics-cfg\graphics.cfg"
File: graphics.cfg 2016/06/04 v1.11 sample graphics configuration
)
Package graphics Info: Driver file: pdftex.def on input line 105.

("C:\Program Files\MiKTeX 2.9\tex/latex/graphics-def\pdftex.def"
File: pdftex.def 2018/01/08 v1.0l Graphics/color driver for pdftex
))
\Gin@req@height=\dimen135
\Gin@req@width=\dimen136
)
("C:\Program Files\MiKTeX 2.9\tex/latex/base\fontenc.sty"
Package: fontenc 2020/02/11 v2.0o Standard LaTeX package
)
("C:\Program Files\MiKTeX 2.9\tex/latex/base\inputenc.sty"
Package: inputenc 2018/08/11 v1.3c Input encoding file
\inpenc@prehook=\toks15
\inpenc@posthook=\toks16

("C:\Program Files\MiKTeX 2.9\tex/latex/base\cp1250.def"
File: cp1250.def 2018/08/11 v1.3c Input encoding file
))
("C:\Program Files\MiKTeX 2.9\tex/latex/polski\polski.sty"
Package: polski 2017/05/04 v1.3.4 Polish language package

   Inputenc package detected. Catcodes not changed.
) ("C:\Program Files\MiKTeX 2.9\tex/latex/float\float.sty"
Package: float 2001/11/08 v1.3d Float enhancements (AL)
\c@float@type=\count175
\float@exts=\toks17
\float@box=\box45
\@float@everytoks=\toks18
\@floatcapt=\box46
)
("C:\Program Files\MiKTeX 2.9\tex/latex/l3backend\l3backend-pdfmode.def"
File: l3backend-pdfmode.def 2020-02-21 L3 backend support: PDF mode
\l__kernel_color_stack_int=\count176
\l__pdf_internal_box=\box47
)
(sprotdr.aux

LaTeX Warning: Label `fig:s1' multiply defined.


LaTeX Warning: Label `fig:s1' multiply defined.


LaTeX Warning: Label `fig:s1' multiply defined.

)
\openout1 = `sprotdr.aux'.

LaTeX Font Info:    Checking defaults for OML/cmm/m/it on input line 11.
LaTeX Font Info:    ... okay on input line 11.
LaTeX Font Info:    Checking defaults for OMS/cmsy/m/n on input line 11.
LaTeX Font Info:    ... okay on input line 11.
LaTeX Font Info:    Checking defaults for OT1/cmr/m/n on input line 11.
LaTeX Font Info:    ... okay on input line 11.
LaTeX Font Info:    Checking defaults for T1/cmr/m/n on input line 11.
LaTeX Font Info:    ... okay on input line 11.
LaTeX Font Info:    Checking defaults for TS1/cmr/m/n on input line 11.
LaTeX Font Info:    ... okay on input line 11.
LaTeX Font Info:    Checking defaults for OMX/cmex/m/n on input line 11.
LaTeX Font Info:    ... okay on input line 11.
LaTeX Font Info:    Checking defaults for U/cmr/m/n on input line 11.
LaTeX Font Info:    ... okay on input line 11.
 ("C:\Program Files\MiKTeX 2.9\tex/context/base/mkii\supp-pdf.mkii"
[Loading MPS to PDF converter (version 2006.09.02).]
\scratchcounter=\count177
\scratchdimen=\dimen137
\scratchbox=\box48
\nofMPsegments=\count178
\nofMParguments=\count179
\everyMPshowfont=\toks19
\MPscratchCnt=\count180
\MPscratchDim=\dimen138
\MPnumerator=\count181
\makeMPintoPDFobject=\count182
\everyMPtoPDFconversion=\toks20
) ("C:\Program Files\MiKTeX 2.9\tex/latex/epstopdf-pkg\epstopdf-base.sty"
Package: epstopdf-base 2020-01-24 v2.11 Base part for package epstopdf
Package epstopdf-base Info: Redefining graphics rule for `.eps' on input line 4
85.
)
<logo.png, id=1, 80.55093pt x 90.3375pt>
File: logo.png Graphic file (type png)
<use logo.png>
Package pdftex.def Info: logo.png  used on input line 30.
(pdftex.def)             Requested size: 80.55074pt x 90.33727pt.
LaTeX Font Info:    External font `cmex10' loaded for size
(Font)              <12> on input line 30.
LaTeX Font Info:    External font `cmex10' loaded for size
(Font)              <8> on input line 30.
LaTeX Font Info:    External font `cmex10' loaded for size
(Font)              <6> on input line 30.

(sprotdr.toc
LaTeX Font Info:    External font `cmex10' loaded for size
(Font)              <7> on input line 4.
LaTeX Font Info:    External font `cmex10' loaded for size
(Font)              <5> on input line 4.
)
\tf@toc=\write3
\openout3 = `sprotdr.toc'.


! Missing number, treated as zero.
<to be read again> 
                   \hfil 
l.33 \end{titlepage}
                    
A number should have been here; I inserted `0'.
(If you can't figure out why I needed to see a number,
look up `weird error' in the index to The TeXbook.)

[1

{C:/Users/mwili/AppData/Local/MiKTeX/2.9/pdftex/config/pdftex.map} <./logo.png>
]
<schem1.png, id=15, 597.73312pt x 403.5075pt>
File: schem1.png Graphic file (type png)
<use schem1.png>
Package pdftex.def Info: schem1.png  used on input line 43.
(pdftex.def)             Requested size: 268.97742pt x 181.57669pt.
<schem2.png, id=16, 610.53094pt x 399.74344pt>
File: schem2.png Graphic file (type png)
<use schem2.png>
Package pdftex.def Info: schem2.png  used on input line 49.
(pdftex.def)             Requested size: 274.73637pt x 179.88287pt.
 [1 <./schem1.png> <./schem2.png>]
<tab1.png, id=22, 486.31688pt x 107.65219pt>
File: tab1.png Graphic file (type png)
<use tab1.png>
Package pdftex.def Info: tab1.png  used on input line 58.
(pdftex.def)             Requested size: 355.00836pt x 78.58543pt.

Overfull \hbox (10.00836pt too wide) in paragraph at lines 58--59
 [] 
 []

<tab2.png, id=23, 487.06969pt x 108.405pt>
File: tab2.png Graphic file (type png)
<use tab2.png>
Package pdftex.def Info: tab2.png  used on input line 67.
(pdftex.def)             Requested size: 355.5579pt x 79.13498pt.

Overfull \hbox (10.5579pt too wide) in paragraph at lines 67--68
 [] 
 []


Overfull \hbox (0.11334pt too wide) in paragraph at lines 64--71
\T1/cmr/m/n/10 przed-nim kro-ku po-mia-ry od-by-wa-ªy si¦ me-to-d¡ \T1/cmr/m/it
/10 tra-dy-cyj-n¡\T1/cmr/m/n/10 (oznaczone ja-ko \T1/cmr/bx/n/10 ORL\T1/cmr/m/n
/10 )
 []

[2 <./tab1.png> <./tab2.png>]
Underfull \hbox (badness 10000) in paragraph at lines 77--79

 []

<mier.jpg, id=30, 702.625pt x 451.6875pt>
File: mier.jpg Graphic file (type jpg)
<use mier.jpg>
Package pdftex.def Info: mier.jpg  used on input line 90.
(pdftex.def)             Requested size: 281.04501pt x 180.67178pt.
<./res/char.png, id=31, 637.63219pt x 438.8897pt>
File: ./res/char.png Graphic file (type png)
<use ./res/char.png>
Package pdftex.def Info: ./res/char.png  used on input line 97.
(pdftex.def)             Requested size: 350.69879pt x 241.39008pt.

Overfull \hbox (5.69879pt too wide) in paragraph at lines 97--98
 [] 
 []

[3] (sprotdr.lof)
\tf@lof=\write4
\openout4 = `sprotdr.lof'.

 [4 <./mier.jpg> <./res/char.png>] (sprotdr.lot)
\tf@lot=\write5
\openout5 = `sprotdr.lot'.

 [5]
(sprotdr.aux)

LaTeX Warning: There were multiply-defined labels.

 ) 
Here is how much of TeX's memory you used:
 1627 strings out of 481545
 21588 string characters out of 2923253
 253941 words of memory out of 3000000
 16888 multiletter control sequences out of 15000+200000
 542623 words of font info for 43 fonts, out of 3000000 for 9000
 1141 hyphenation exceptions out of 8191
 30i,7n,25p,651b,262s stack positions out of 5000i,500n,10000p,200000b,50000s
 <C:\Users\mwili\AppData\Local\MiKTeX\2.9\fonts/pk/ljfour/jknappen/ec/dpi600\
ecbi1000.pk> <C:\Users\mwili\AppData\Local\MiKTeX\2.9\fonts/pk/ljfour/jknappen/
ec/dpi600\ecbx1200.pk> <C:\Users\mwili\AppData\Local\MiKTeX\2.9\fonts/pk/ljfour
/jknappen/ec/dpi600\ecti1000.pk> <C:\Users\mwili\AppData\Local\MiKTeX\2.9\fonts
/pk/ljfour/jknappen/ec/dpi600\ecrm1000.pk> <C:\Users\mwili\AppData\Local\MiKTeX
\2.9\fonts/pk/ljfour/jknappen/ec/dpi600\ecbx1000.pk> <C:\Users\mwili\AppData\Lo
cal\MiKTeX\2.9\fonts/pk/ljfour/jknappen/ec/dpi600\ecbx1440.pk> <C:\Users\mwili\
AppData\Local\MiKTeX\2.9\fonts/pk/ljfour/jknappen/ec/dpi600\ecrm1200.pk> <C:\Us
ers\mwili\AppData\Local\MiKTeX\2.9\fonts/pk/ljfour/jknappen/ec/dpi600\ecrm1440.
pk> <C:\Users\mwili\AppData\Local\MiKTeX\2.9\fonts/pk/ljfour/jknappen/ec/dpi600
\ecrm2488.pk>
Output written on sprotdr.pdf (6 pages, 459938 bytes).
PDF statistics:
 354 PDF objects out of 1000 (max. 8388607)
 0 named destinations out of 1000 (max. 500000)
 36 words of extra memory for PDF output out of 10000 (max. 10000000)

